<?xml version="1.0" encoding="UTF-8"?>
<!-- Generated by org.testng.reporters.JUnitReportReporter -->
<testsuite skipped="0" hostname="DESKTOP-TKK5GPG" name="zoho.runner.MyRunner" tests="2" failures="0" timestamp="11 Mar 2022 12:46:19 GMT" time="146.874" errors="0">
  <testcase name="runScenario" time="62.736" classname="zoho.runner.MyRunner"/>
  <testcase name="runScenario" time="84.138" classname="zoho.runner.MyRunner"/>
</testsuite> <!-- zoho.runner.MyRunner -->
